<?xml version="1.0" encoding="UTF-8"?>
<!-- Generated by org.testng.reporters.JUnitReportReporter -->
<testsuite skipped="0" hostname="LAPTOP-KAGLUQR3" name="org.excel.TestNg3" tests="2" failures="0" timestamp="01 Nov 2022 06:06:54 GMT" time="0.010" errors="0">
  <testcase name="tc06" time="0.001" classname="org.excel.TestNg3"/>
  <testcase name="tc05" time="0.009" classname="org.excel.TestNg3"/>
</testsuite> <!-- org.excel.TestNg3 -->
