<?xml version="1.0" encoding="UTF-8"?>
<!-- Generated by org.testng.reporters.JUnitReportReporter -->
<testsuite skipped="0" hostname="LAPTOP-KAGLUQR3" name="org.excel.TestngParallelExecutionClassA" tests="2" failures="0" timestamp="02 Nov 2022 16:26:12 GMT" time="0.009" errors="0">
  <testcase name="tc03" time="0.008" classname="org.excel.TestngParallelExecutionClassA"/>
  <testcase name="tc04" time="0.001" classname="org.excel.TestngParallelExecutionClassA"/>
</testsuite> <!-- org.excel.TestngParallelExecutionClassA -->
