<?xml version="1.0" encoding="UTF-8"?>
<!-- Generated by org.testng.reporters.JUnitReportReporter -->
<testsuite skipped="0" hostname="LAPTOP-KAGLUQR3" name="org.excel.TestNg4" tests="3" failures="0" timestamp="04 Nov 2022 02:14:53 GMT" time="20.578" errors="0">
  <testcase name="tc01" time="7.649" classname="org.excel.TestNg4"/>
  <testcase name="tc01" time="7.838" classname="org.excel.TestNg4"/>
  <testcase name="tc01" time="5.091" classname="org.excel.TestNg4"/>
</testsuite> <!-- org.excel.TestNg4 -->
