<?xml version="1.0" encoding="UTF-8"?>
<!-- Generated by org.testng.reporters.JUnitReportReporter -->
<testsuite skipped="0" hostname="LAPTOP-KAGLUQR3" name="org.excel.TestNg5" tests="3" failures="0" timestamp="02 Nov 2022 16:59:45 GMT" time="12.104" errors="0">
  <testcase name="tc01" time="3.669" classname="org.excel.TestNg5"/>
  <testcase name="tc01" time="3.782" classname="org.excel.TestNg5"/>
  <testcase name="tc01" time="4.653" classname="org.excel.TestNg5"/>
</testsuite> <!-- org.excel.TestNg5 -->
