<?xml version="1.0" encoding="UTF-8"?>
<!-- Generated by org.testng.reporters.JUnitReportReporter -->
<testsuite skipped="0" hostname="LAPTOP-KAGLUQR3" name="org.excel.TestngParallelExecutionClassB" tests="2" failures="0" timestamp="02 Nov 2022 16:26:12 GMT" time="0.010" errors="0">
  <testcase name="tc01" time="0.008" classname="org.excel.TestngParallelExecutionClassB"/>
  <testcase name="tc02" time="0.002" classname="org.excel.TestngParallelExecutionClassB"/>
</testsuite> <!-- org.excel.TestngParallelExecutionClassB -->
